2018/11/14 05:05:30 [emerg] 1#1: invalid URL prefix in /etc/nginx/conf.d/559.conf:9
2018/11/14 05:05:36 [emerg] 1#1: invalid URL prefix in /etc/nginx/conf.d/559.conf:9
2018/11/14 05:05:38 [emerg] 1#1: invalid URL prefix in /etc/nginx/conf.d/559.conf:9
2018/11/14 05:05:41 [emerg] 1#1: invalid URL prefix in /etc/nginx/conf.d/559.conf:9
2018/11/14 05:05:43 [emerg] 1#1: invalid URL prefix in /etc/nginx/conf.d/559.conf:9
2018/11/14 05:05:46 [emerg] 1#1: invalid URL prefix in /etc/nginx/conf.d/559.conf:9
2018/11/14 05:05:50 [emerg] 1#1: invalid URL prefix in /etc/nginx/conf.d/559.conf:9
2018/11/14 05:05:58 [emerg] 1#1: invalid URL prefix in /etc/nginx/conf.d/559.conf:9
2018/11/14 05:06:10 [emerg] 1#1: host not found in upstream "php559" in /etc/nginx/conf.d/559.conf:9
2018/11/14 05:08:47 [emerg] 1#1: host not found in upstream "php559" in /etc/nginx/conf.d/559.conf:9
2018/11/14 05:10:04 [emerg] 1#1: invalid URL prefix in /etc/nginx/conf.d/559.conf:9
2018/11/14 05:10:07 [emerg] 1#1: invalid URL prefix in /etc/nginx/conf.d/559.conf:9
2018/11/14 05:10:09 [emerg] 1#1: invalid URL prefix in /etc/nginx/conf.d/559.conf:9
2018/11/14 05:10:12 [emerg] 1#1: invalid URL prefix in /etc/nginx/conf.d/559.conf:9
2018/11/14 05:10:15 [emerg] 1#1: invalid URL prefix in /etc/nginx/conf.d/559.conf:9
2018/11/14 05:10:17 [emerg] 1#1: invalid URL prefix in /etc/nginx/conf.d/559.conf:9
2018/11/14 05:10:21 [emerg] 1#1: invalid URL prefix in /etc/nginx/conf.d/559.conf:9
2018/11/14 05:10:29 [emerg] 1#1: invalid URL prefix in /etc/nginx/conf.d/559.conf:9
2018/11/14 05:10:43 [emerg] 1#1: invalid URL prefix in /etc/nginx/conf.d/559.conf:9
2018/11/14 05:10:54 [emerg] 1#1: host not found in upstream "php559" in /etc/nginx/conf.d/559.conf:9
2018/11/14 05:16:55 [emerg] 1#1: host not found in upstream "php71" in /etc/nginx/conf.d/default.conf:20
2018/11/14 06:39:59 [emerg] 1#1: host not found in upstream "php559" in /etc/nginx/conf.d/559.conf:9
2018/11/14 06:41:26 [emerg] 1#1: host not found in upstream "php559" in /etc/nginx/conf.d/559.conf:9
2018/11/14 08:06:54 [emerg] 1#1: host not found in upstream "php559" in /etc/nginx/conf.d/559.conf:9
2018/11/14 08:06:58 [emerg] 1#1: host not found in upstream "php559" in /etc/nginx/conf.d/559.conf:9
2018/11/14 08:07:01 [emerg] 1#1: host not found in upstream "php559" in /etc/nginx/conf.d/559.conf:9
2018/11/14 08:07:04 [emerg] 1#1: host not found in upstream "php559" in /etc/nginx/conf.d/559.conf:9
2018/11/14 08:07:05 [emerg] 1#1: host not found in upstream "php559" in /etc/nginx/conf.d/559.conf:9
2018/11/14 08:07:07 [emerg] 1#1: host not found in upstream "php559" in /etc/nginx/conf.d/559.conf:9
2018/11/14 08:07:11 [emerg] 1#1: host not found in upstream "php559" in /etc/nginx/conf.d/559.conf:9
2018/11/14 08:07:28 [emerg] 1#1: host not found in upstream "php71" in /etc/nginx/conf.d/default.conf:20
2018/11/14 08:20:47 [emerg] 1#1: host not found in upstream "php71" in /etc/nginx/conf.d/default.conf:20
2018/11/14 08:20:53 [emerg] 1#1: host not found in upstream "php559" in /etc/nginx/conf.d/lamp.conf:9
2018/11/14 08:26:54 [emerg] 1#1: host not found in upstream "php71" in /etc/nginx/conf.d/default.conf:20
2018/11/14 09:18:02 [emerg] 1#1: host not found in upstream "php71" in /etc/nginx/conf.d/default.conf:20
2018/11/15 06:24:58 [emerg] 1#1: host not found in upstream "php72" in /etc/nginx/conf.d/admin_operation.conf:20
2018/11/15 06:26:23 [emerg] 1#1: host not found in upstream "php72" in /etc/nginx/conf.d/admin_operation.conf:20
2018/11/15 06:27:09 [emerg] 1#1: host not found in upstream "php72" in /etc/nginx/conf.d/admin_operation.conf:20
<<<<<<< HEAD
2018/11/15 13:23:19 [emerg] 1#1: host not found in upstream "php72" in /etc/nginx/conf.d/admin_operation.conf:20
2018/11/15 13:29:50 [emerg] 1#1: host not found in upstream "php72" in /etc/nginx/conf.d/admin_operation.conf:20
=======
2018/11/16 02:25:41 [emerg] 1#1: host not found in upstream "php72" in /etc/nginx/conf.d/admin_operation.conf:20
2018/11/16 02:36:58 [emerg] 1#1: host not found in upstream "php72" in /etc/nginx/conf.d/admin_operation.conf:20
2018/11/16 02:39:22 [emerg] 1#1: host not found in upstream "php72" in /etc/nginx/conf.d/admin_operation.conf:20
2018/11/16 02:41:35 [emerg] 1#1: host not found in upstream "php72" in /etc/nginx/conf.d/admin_operation.conf:20
2018/11/16 03:34:55 [emerg] 1#1: host not found in upstream "php72" in /etc/nginx/conf.d/admin_operation.conf:20
2018/11/16 05:12:35 [emerg] 1#1: host not found in upstream "php70" in /etc/nginx/conf.d/info.conf:20
2018/11/16 05:26:36 [emerg] 1#1: host not found in upstream "php72" in /etc/nginx/conf.d/admin_operation.conf:20
2018/11/16 05:27:28 [emerg] 1#1: host not found in upstream "php72" in /etc/nginx/conf.d/admin_operation.conf:20
2018/11/16 05:30:29 [emerg] 1#1: host not found in upstream "php72" in /etc/nginx/conf.d/admin_operation.conf:20
2018/11/16 08:26:41 [emerg] 1#1: host not found in upstream "php72" in /etc/nginx/conf.d/admin_operation.conf:20
>>>>>>> 271313a6561db2594fc63b33d35e13c38658b16e
2018/11/16 14:34:15 [emerg] 1#1: host not found in upstream "php72" in /etc/nginx/conf.d/admin_operation.conf:20
2018/11/17 14:52:53 [emerg] 1#1: host not found in upstream "php559" in /etc/nginx/conf.d/lamp.conf:9
2018/11/17 14:52:56 [emerg] 1#1: host not found in upstream "php559" in /etc/nginx/conf.d/lamp.conf:9
2018/11/17 14:52:59 [emerg] 1#1: host not found in upstream "php559" in /etc/nginx/conf.d/lamp.conf:9
2018/11/17 14:53:01 [emerg] 1#1: host not found in upstream "php559" in /etc/nginx/conf.d/lamp.conf:9
2018/11/17 14:53:04 [emerg] 1#1: host not found in upstream "php559" in /etc/nginx/conf.d/lamp.conf:9
2018/11/17 14:53:06 [emerg] 1#1: host not found in upstream "php559" in /etc/nginx/conf.d/lamp.conf:9
2018/11/17 14:53:10 [emerg] 1#1: host not found in upstream "php559" in /etc/nginx/conf.d/lamp.conf:9
2018/11/17 14:53:18 [emerg] 1#1: host not found in upstream "php559" in /etc/nginx/conf.d/lamp.conf:9
2018/11/17 14:53:32 [emerg] 1#1: host not found in upstream "php559" in /etc/nginx/conf.d/lamp.conf:9
2018/11/17 14:53:58 [emerg] 1#1: host not found in upstream "php559" in /etc/nginx/conf.d/lamp.conf:9
2018/11/17 14:54:50 [emerg] 1#1: host not found in upstream "php559" in /etc/nginx/conf.d/lamp.conf:9
2018/11/17 14:55:51 [emerg] 1#1: host not found in upstream "php559" in /etc/nginx/conf.d/lamp.conf:9
2018/11/17 14:56:52 [emerg] 1#1: host not found in upstream "php559" in /etc/nginx/conf.d/lamp.conf:9
2018/11/17 14:57:53 [emerg] 1#1: host not found in upstream "php559" in /etc/nginx/conf.d/lamp.conf:9
2018/11/17 14:58:54 [emerg] 1#1: host not found in upstream "php559" in /etc/nginx/conf.d/lamp.conf:9
2018/11/17 14:59:56 [emerg] 1#1: host not found in upstream "php559" in /etc/nginx/conf.d/lamp.conf:9
